<?xml version="1.0" encoding="UTF-8"?>
<!-- Generated by org.testng.reporters.JUnitReportReporter -->
<testsuite hostname="Prithvi-Acer-1" failures="0" tests="1" name="com.qa.test.GoogleTest" time="12.581" errors="0" timestamp="2024-04-11T11:28:44 IST" skipped="0">
  <testcase classname="com.qa.test.GoogleTest" name="getTitleTest" time="12.581"/>
</testsuite> <!-- com.qa.test.GoogleTest -->
