<?xml version="1.0" encoding="UTF-8"?>
<!-- Generated by org.testng.reporters.JUnitReportReporter -->
<testsuite hostname="Prithvi-Acer-1" failures="0" tests="4" name="com.qa.test.TestNGDataProviderDemo" time="47.383" errors="0" timestamp="2024-04-11T09:02:03 IST" skipped="0">
  <testcase classname="com.qa.test.TestNGDataProviderDemo" name="faceBookLogin" time="12.322"/>
  <testcase classname="com.qa.test.TestNGDataProviderDemo" name="faceBookLogin" time="11.763"/>
  <testcase classname="com.qa.test.TestNGDataProviderDemo" name="faceBookLogin" time="11.674"/>
  <testcase classname="com.qa.test.TestNGDataProviderDemo" name="faceBookLogin" time="11.624"/>
</testsuite> <!-- com.qa.test.TestNGDataProviderDemo -->
