<?xml version="1.0" encoding="UTF-8"?>
<!-- Generated by org.testng.reporters.JUnitReportReporter -->
<testsuite hostname="Prithvi-Acer-1" failures="0" tests="4" name="com.qa.test.JavaDemo2" time="0.017" errors="0" timestamp="2024-04-09T01:41:45 IST" skipped="0">
  <testcase classname="com.qa.test.JavaDemo2" name="div" time="0.012"/>
  <testcase classname="com.qa.test.JavaDemo2" name="sub" time="0.002"/>
  <testcase classname="com.qa.test.JavaDemo2" name="sum" time="0.001"/>
  <testcase classname="com.qa.test.JavaDemo2" name="multiplier" time="0.002"/>
</testsuite> <!-- com.qa.test.JavaDemo2 -->
