<?xml version="1.0" encoding="UTF-8"?>
<!-- Generated by org.testng.reporters.JUnitReportReporter -->
<testsuite hostname="Prithvi-Acer-1" failures="0" tests="4" name="com.qa.test.TestNGDemo" time="0.012" errors="0" timestamp="2024-04-10T00:29:29 IST" skipped="0">
  <testcase classname="com.qa.test.TestNGDemo" name="googleTitle" time="0.002"/>
  <testcase classname="com.qa.test.TestNGDemo" name="facebookTitle" time="0.006"/>
  <testcase classname="com.qa.test.TestNGDemo" name="flipkartTitle" time="0.002"/>
  <testcase classname="com.qa.test.TestNGDemo" name="xTitle" time="0.002"/>
</testsuite> <!-- com.qa.test.TestNGDemo -->
