<?xml version="1.0" encoding="UTF-8"?>
<!-- Generated by org.testng.reporters.JUnitReportReporter -->
<testsuite hostname="Prithvi-Acer-1" failures="0" tests="4" name="com.qa.test.JavaDemo3" time="0.003" errors="0" timestamp="2024-04-09T11:48:21 IST" skipped="0">
  <testcase classname="com.qa.test.JavaDemo3" name="multiplier" time="0.001"/>
  <testcase classname="com.qa.test.JavaDemo3" name="div" time="0.001"/>
  <testcase classname="com.qa.test.JavaDemo3" name="sum" time="0.000"/>
  <testcase classname="com.qa.test.JavaDemo3" name="sub" time="0.001"/>
</testsuite> <!-- com.qa.test.JavaDemo3 -->
