<?xml version="1.0" encoding="UTF-8"?>
<!-- Generated by org.testng.reporters.JUnitReportReporter -->
<testsuite hostname="Prithvi-Acer-1" failures="0" tests="4" name="com.qa.test.JavaDemo" time="0.004" errors="0" timestamp="2024-04-09T01:46:00 IST" skipped="0">
  <testcase classname="com.qa.test.JavaDemo" name="div" time="0.004"/>
  <testcase classname="com.qa.test.JavaDemo" name="sum" time="0.000"/>
  <testcase classname="com.qa.test.JavaDemo" name="sub" time="0.000"/>
  <testcase classname="com.qa.test.JavaDemo" name="multiplier" time="0.000"/>
</testsuite> <!-- com.qa.test.JavaDemo -->
